<?xml version="1.0" encoding="UTF-8"?>
<!-- Generated by org.testng.reporters.JUnitXMLReporter -->
<testsuite ignored="1" hostname="DESKTOP-VSB7U4H" failures="0" tests="6" name="Test" time="62.223" errors="0" timestamp="2024-11-25T01:49:49 IST">
  <testcase classname="testscript.Script" name="verifyTheURL" time="0.037"/>
  <testcase classname="testscript.Script" name="navigateToSignIn" time="3.213"/>
  <testcase classname="testscript.Script" name="homePgae" time="7.414"/>
  <testcase classname="testscript.Script" name="searchResultsPage" time="0.357"/>
  <testcase classname="testscript.Script" name="addToCart" time="13.082"/>
  <testcase classname="testscript.Script" name="paymentPage" time="0.199"/>
  <testcase classname="testscript.Script" name="productDetailsPage" time="0.0">
    <ignored/>
  </testcase> <!-- productDetailsPage -->
</testsuite> <!-- Test -->
